----------第 1 轮训练开始----------
训练时间：258.6834297180176
训练次数: 100，Loss: 0.2791673541069031
训练时间：494.2237391471863
训练次数: 200，Loss: 0.1350805163383484
训练时间：727.1199293136597
训练次数: 300，Loss: 0.07047110795974731
训练集上的像素Loss: 0.06752681732177734
训练集上的感知Loss: 0.3962152898311615
训练集上的Loss: 0.5357417464256287
第0个epoch的学习率：0.000100
整体测试集上的像素Loss: 0.04945698033340953
整体测试集上的感知Loss: 0.38060797547752206
整体测试集上的Loss: 0.4375888935544274
模型已保存
----------第 2 轮训练开始----------
训练时间：1074.8542757034302
训练次数: 400，Loss: 0.04791872948408127
训练时间：1300.856651544571
训练次数: 500，Loss: 0.029385503381490707
训练时间：1523.9483284950256
训练次数: 600，Loss: 0.02104080282151699
训练时间：1751.2965128421783
训练次数: 700，Loss: 0.0164086502045393
训练集上的像素Loss: 0.014775315299630165
训练集上的感知Loss: 0.2878154218196869
训练集上的Loss: 0.21778428554534912
第1个epoch的学习率：0.000100
整体测试集上的像素Loss: 0.01173779942010614
整体测试集上的感知Loss: 0.2531910078092055
整体测试集上的Loss: 0.18528450212695383
模型已保存
----------第 3 轮训练开始----------
训练时间：2094.32200551033
训练次数: 800，Loss: 0.010818555019795895
训练时间：2317.3005995750427
训练次数: 900，Loss: 0.01044152956455946
训练时间：2544.962431192398
训练次数: 1000，Loss: 0.008078561164438725
训练时间：2769.257646083832
训练次数: 1100，Loss: 0.006420984398573637
训练集上的像素Loss: 0.007030628155916929
训练集上的感知Loss: 0.19738483428955078
训练集上的Loss: 0.13384555280208588
第2个epoch的学习率：0.000100
整体测试集上的像素Loss: 0.005565998673608357
整体测试集上的感知Loss: 0.18009586598385463
整体测试集上的Loss: 0.11787792701612819
模型已保存
----------第 4 轮训练开始----------
训练时间：3108.3088960647583
训练次数: 1200，Loss: 0.005768229719251394
训练时间：3327.899963617325
训练次数: 1300，Loss: 0.004987757187336683
训练时间：3547.457300186157
训练次数: 1400，Loss: 0.004227982368320227
训练时间：3768.3801577091217
训练次数: 1500，Loss: 0.003833374008536339
训练集上的像素Loss: 0.004342662636190653
训练集上的感知Loss: 0.14700204133987427
训练集上的Loss: 0.09521433711051941
第3个epoch的学习率：0.000100
整体测试集上的像素Loss: 0.003265736180103638
整体测试集上的感知Loss: 0.1462982093746012
整体测试集上的Loss: 0.08947778527032245
模型已保存
----------第 5 轮训练开始----------
训练时间：4113.7531571388245
训练次数: 1600，Loss: 0.003704548580572009
训练时间：4346.797924757004
训练次数: 1700，Loss: 0.0033377124927937984
训练时间：4573.141377925873
训练次数: 1800，Loss: 0.00276705389842391
训练时间：4802.743867397308
训练次数: 1900，Loss: 0.0026091644540429115
训练集上的像素Loss: 0.0022833822295069695
训练集上的感知Loss: 0.1206740066409111
训练集上的Loss: 0.07175391167402267
第4个epoch的学习率：0.000100
整体测试集上的像素Loss: 0.0022234906632961197
整体测试集上的感知Loss: 0.12786268798465078
整体测试集上的Loss: 0.07504879717122424
模型已保存
----------第 6 轮训练开始----------
训练时间：5154.860609769821
训练次数: 2000，Loss: 0.0026167319156229496
训练时间：5381.142124652863
训练次数: 2100，Loss: 0.002253046026453376
训练时间：5609.091214418411
训练次数: 2200，Loss: 0.0019722464494407177
训练集上的像素Loss: 0.0015901759034022689
训练集上的感知Loss: 0.11685651540756226
训练集上的Loss: 0.0663791373372078
第5个epoch的学习率：0.000100
整体测试集上的像素Loss: 0.0016894768182696266
整体测试集上的感知Loss: 0.1145102818581191
整体测试集上的Loss: 0.06570252530615438
模型已保存
----------第 7 轮训练开始----------
训练时间：5961.299811601639
训练次数: 2300，Loss: 0.0020682290196418762
训练时间：6186.244572162628
训练次数: 2400，Loss: 0.001855890965089202
训练时间：6410.006761074066
训练次数: 2500，Loss: 0.0018870685016736388
训练时间：6638.38977432251
训练次数: 2600，Loss: 0.0017099464312195778
训练集上的像素Loss: 0.0016824300400912762
训练集上的感知Loss: 0.1171967089176178
训练集上的Loss: 0.06701050698757172
第6个epoch的学习率：0.000100
整体测试集上的像素Loss: 0.0013805804218546573
整体测试集上的感知Loss: 0.10341987911273133
整体测试集上的Loss: 0.058612841604785484
模型已保存
----------第 8 轮训练开始----------
训练时间：6983.837388515472
训练次数: 2700，Loss: 0.0016801244346424937
训练时间：7213.068341493607
训练次数: 2800，Loss: 0.0016030266415327787
训练时间：7437.981548070908
训练次数: 2900，Loss: 0.0016098676715046167
训练时间：7668.519545793533
训练次数: 3000，Loss: 0.0013775909319519997
训练集上的像素Loss: 0.0014564506709575653
训练集上的感知Loss: 0.10670505464076996
训练集上的Loss: 0.060634780675172806
第7个epoch的学习率：0.000100
整体测试集上的像素Loss: 0.0011647215049544518
整体测试集上的感知Loss: 0.09676499766382304
整体测试集上的Loss: 0.05420610655776479
模型已保存
----------第 9 轮训练开始----------
训练时间：8015.075996637344
训练次数: 3100，Loss: 0.0013527495320886374
训练时间：8243.638833522797
训练次数: 3200，Loss: 0.001475125434808433
训练时间：8471.73407959938
训练次数: 3300，Loss: 0.0012288200668990612
训练时间：8696.055525779724
训练次数: 3400，Loss: 0.0012254248140379786
训练集上的像素Loss: 0.001178537611849606
训练集上的感知Loss: 0.08692654222249985
训练集上的Loss: 0.04935595765709877
第8个epoch的学习率：0.000100
整体测试集上的像素Loss: 0.0010533885188951072
整体测试集上的感知Loss: 0.08861641484228047
整体测试集上的Loss: 0.049575150182301346
模型已保存
----------第 10 轮训练开始----------
训练时间：9039.02746963501
训练次数: 3500，Loss: 0.001145864138379693
训练时间：9262.087892055511
训练次数: 3600，Loss: 0.0012621572241187096
训练时间：9487.915023088455
训练次数: 3700，Loss: 0.001331030623987317
训练时间：9715.763842344284
训练次数: 3800，Loss: 0.0011559692211449146
训练集上的像素Loss: 0.0010382374748587608
训练集上的感知Loss: 0.08856171369552612
训练集上的Loss: 0.04947204515337944
第9个epoch的学习率：0.000100
整体测试集上的像素Loss: 0.0009344109103866768
整体测试集上的感知Loss: 0.08530985005199909
整体测试集上的Loss: 0.047326979650692505
模型已保存
----------第 11 轮训练开始----------
训练时间：10063.93296456337
训练次数: 3900，Loss: 0.0011610918445512652
训练时间：10289.070306777954
训练次数: 4000，Loss: 0.0011425844859331846
训练时间：10514.206201076508
训练次数: 4100，Loss: 0.0012705589178949594
训练时间：10743.011711120605
训练次数: 4200，Loss: 0.0010198133531957865
训练集上的像素Loss: 0.001064828597009182
训练集上的感知Loss: 0.09994816035032272
训练集上的Loss: 0.055298224091529846
第10个epoch的学习率：0.000100
整体测试集上的像素Loss: 0.0008971740449355407
整体测试集上的感知Loss: 0.08077049390836195
整体测试集上的Loss: 0.04487111732702364
模型已保存
----------第 12 轮训练开始----------
训练时间：11088.35602092743
训练次数: 4300，Loss: 0.0011417519999668002
训练时间：11314.556590557098
训练次数: 4400，Loss: 0.001010566484183073
训练时间：11540.86137676239
训练次数: 4500，Loss: 0.0009683191310614347
训练集上的像素Loss: 0.0010133621981367469
训练集上的感知Loss: 0.09684737026691437
训练集上的Loss: 0.053490497171878815
第11个epoch的学习率：0.000100
整体测试集上的像素Loss: 0.0008001923587554219
整体测试集上的感知Loss: 0.07774303311651404
整体测试集上的Loss: 0.04287247816947373
模型已保存
----------第 13 轮训练开始----------
训练时间：11892.99621129036
训练次数: 4600，Loss: 0.001145245274528861
训练时间：12118.929532051086
训练次数: 4700，Loss: 0.000884822744410485
训练时间：12341.226660728455
训练次数: 4800，Loss: 0.0008938005194067955
训练时间：12569.68033671379
训练次数: 4900，Loss: 0.0009049457730725408
训练集上的像素Loss: 0.0008926803129725158
训练集上的感知Loss: 0.077237568795681
训练集上的Loss: 0.043082185089588165
第12个epoch的学习率：0.000100
整体测试集上的像素Loss: 0.0007402151148364118
整体测试集上的感知Loss: 0.0736764081838456
整体测试集上的Loss: 0.04053927974944765
模型已保存
----------第 14 轮训练开始----------
训练时间：12916.540765285492
训练次数: 5000，Loss: 0.0010120596271008253
训练时间：13143.608937501907
训练次数: 5100，Loss: 0.0009450418874621391
训练时间：13369.482954502106
训练次数: 5200，Loss: 0.0009755226783454418
训练时间：13595.467511415482
训练次数: 5300，Loss: 0.0008731156121939421
训练集上的像素Loss: 0.0008268188103102148
训练集上的感知Loss: 0.06528552621603012
训练集上的Loss: 0.03677685558795929
第13个epoch的学习率：0.000100
整体测试集上的像素Loss: 0.0007120606222253463
整体测试集上的感知Loss: 0.07330433143810793
整体测试集上的Loss: 0.04021246909079226
模型已保存
----------第 15 轮训练开始----------
训练时间：13940.089447498322
训练次数: 5400，Loss: 0.0008073687786236405
训练时间：14163.866106510162
训练次数: 5500，Loss: 0.0009222989901900291
训练时间：14391.621387958527
训练次数: 5600，Loss: 0.0009916521375998855
训练时间：14614.873219966888
训练次数: 5700，Loss: 0.000937660108320415
训练集上的像素Loss: 0.0008753460715524852
训练集上的感知Loss: 0.08049892634153366
训练集上的Loss: 0.04462619498372078
第14个epoch的学习率：0.000100
整体测试集上的像素Loss: 0.000703483641369861
整体测试集上的感知Loss: 0.07059240866113793
整体测试集上的Loss: 0.03881362249905413
模型已保存
----------第 16 轮训练开始----------
训练时间：14961.142525196075
训练次数: 5800，Loss: 0.000929748872295022
训练时间：15184.924153089523
训练次数: 5900，Loss: 0.0008812962914817035
训练时间：15412.540577411652
训练次数: 6000，Loss: 0.000743873359169811
训练时间：15637.088156700134
训练次数: 6100，Loss: 0.0008489047177135944
训练集上的像素Loss: 0.0008869001176208258
训练集上的感知Loss: 0.07388465106487274
训练集上的Loss: 0.04137682542204857
第15个epoch的学习率：0.000100
整体测试集上的像素Loss: 0.0006511035647814755
整体测试集上的感知Loss: 0.06952909803525968
整体测试集上的Loss: 0.038020066832276905
模型已保存
----------第 17 轮训练开始----------
训练时间：15982.116485595703
训练次数: 6200，Loss: 0.0008084130240604281
训练时间：16208.579330444336
训练次数: 6300，Loss: 0.0007654000073671341
训练时间：16433.68757200241
训练次数: 6400，Loss: 0.0008204480982385576
训练时间：16658.93860554695
训练次数: 6500，Loss: 0.0008737441967241466
训练集上的像素Loss: 0.000911290175281465
训练集上的感知Loss: 0.07367558777332306
训练集上的Loss: 0.04139424487948418
第16个epoch的学习率：0.000100
整体测试集上的像素Loss: 0.0006399489859838716
整体测试集上的感知Loss: 0.06811854725872929
整体测试集上的Loss: 0.03725901847197251
模型已保存
----------第 18 轮训练开始----------
训练时间：17008.22118163109
训练次数: 6600，Loss: 0.0008267747471109033
训练时间：17237.502373695374
训练次数: 6700，Loss: 0.0007693527149967849
训练时间：17463.992644786835
训练次数: 6800，Loss: 0.0008688909001648426
训练集上的像素Loss: 0.00075096933869645
训练集上的感知Loss: 0.06492563337087631
训练集上的Loss: 0.03621766343712807
第17个epoch的学习率：0.000100
整体测试集上的像素Loss: 0.0006259257378670471
整体测试集上的感知Loss: 0.06691316642205823
整体测试集上的Loss: 0.03658621199429035
模型已保存
----------第 19 轮训练开始----------
训练时间：17817.76488828659
训练次数: 6900，Loss: 0.0007008678512647748
训练时间：18044.84319138527
训练次数: 7000，Loss: 0.0007419422036036849
训练时间：18276.61719250679
训练次数: 7100，Loss: 0.0006910213269293308
训练时间：18504.360439538956
训练次数: 7200，Loss: 0.0008286915253847837
训练集上的像素Loss: 0.0006430945359170437
训练集上的感知Loss: 0.06574007868766785
训练集上的Loss: 0.03608551248908043
第18个epoch的学习率：0.000100
整体测试集上的像素Loss: 0.0005781312264099887
整体测试集上的感知Loss: 0.06432047520171512
整体测试集上的Loss: 0.03505089371041818
模型已保存
----------第 20 轮训练开始----------
训练时间：18854.828650951385
训练次数: 7300，Loss: 0.0008059694664552808
训练时间：19080.076805830002
训练次数: 7400，Loss: 0.0006993184797465801
训练时间：19307.42680978775
训练次数: 7500，Loss: 0.0006747011793777347
训练时间：19533.972857236862
训练次数: 7600，Loss: 0.0007859549368731678
训练集上的像素Loss: 0.0005742278881371021
训练集上的感知Loss: 0.08061041682958603
训练集上的Loss: 0.04317634925246239
第19个epoch的学习率：0.000100
整体测试集上的像素Loss: 0.0005681997083063999
整体测试集上的感知Loss: 0.06292410364205187
整体测试集上的Loss: 0.03430305044590072
模型已保存
----------第 21 轮训练开始----------
训练时间：19880.499730825424
训练次数: 7700，Loss: 0.0007386367069557309
训练时间：20104.96018910408
训练次数: 7800，Loss: 0.0008591025834903121
训练时间：20328.698310375214
训练次数: 7900，Loss: 0.0007359893061220646
训练时间：20555.402457237244
训练次数: 8000，Loss: 0.0006384106236509979
训练集上的像素Loss: 0.0005809140857309103
训练集上的感知Loss: 0.061183810234069824
训练集上的Loss: 0.03349647670984268
第20个epoch的学习率：0.000100
整体测试集上的像素Loss: 0.0005379570965570482
整体测试集上的感知Loss: 0.06184582590040835
整体测试集上的Loss: 0.03361269857057116
模型已保存
----------第 22 轮训练开始----------
训练时间：20911.41744351387
训练次数: 8100，Loss: 0.0006520504830405116
训练时间：21138.984367370605
训练次数: 8200，Loss: 0.0007194976788014174
训练时间：21363.156343221664
训练次数: 8300，Loss: 0.000600750558078289
训练时间：21587.366505622864
训练次数: 8400，Loss: 0.0006120474427007139
训练集上的像素Loss: 0.0007040811469778419
训练集上的感知Loss: 0.0603497140109539
训练集上的Loss: 0.03369526192545891
第21个epoch的学习率：0.000100
整体测试集上的像素Loss: 0.0005321813593830236
整体测试集上的感知Loss: 0.06015547525814988
整体测试集上的Loss: 0.03273864437571981
模型已保存
----------第 23 轮训练开始----------
训练时间：21933.333325862885
训练次数: 8500，Loss: 0.000722220167517662
训练时间：22159.028226852417
训练次数: 8600，Loss: 0.0006668319692835212
训练时间：22380.96831893921
训练次数: 8700，Loss: 0.0006728807929903269
训练时间：22605.537798643112
训练次数: 8800，Loss: 0.0007189290481619537
训练集上的像素Loss: 0.0007141873938962817
训练集上的感知Loss: 0.07794960588216782
训练集上的Loss: 0.04254573956131935
第22个epoch的学习率：0.000100
整体测试集上的像素Loss: 0.0005179807961791415
整体测试集上的感知Loss: 0.05933277639137073
整体测试集上的Loss: 0.032256292263892566
模型已保存
----------第 24 轮训练开始----------
训练时间：22951.530482292175
训练次数: 8900，Loss: 0.0005886272410862148
训练时间：23178.455268144608
训练次数: 9000，Loss: 0.000545946357306093
训练时间：23405.347177028656
训练次数: 9100，Loss: 0.000612715957686305
训练集上的像素Loss: 0.000619973405264318
训练集上的感知Loss: 0.0632956326007843
训练集上的Loss: 0.03474768251180649
第23个epoch的学习率：0.000100
整体测试集上的像素Loss: 0.0004835985647249882
整体测试集上的感知Loss: 0.05845321071418849
整体测试集上的Loss: 0.03164459841156548
模型已保存
----------第 25 轮训练开始----------
训练时间：23751.966351747513
训练次数: 9200，Loss: 0.0005637660506181419
训练时间：23977.218465328217
训练次数: 9300，Loss: 0.0006583711365237832
训练时间：24204.426250219345
训练次数: 9400，Loss: 0.0007643236313015223
训练时间：24430.433270931244
训练次数: 9500，Loss: 0.000575622427277267
训练集上的像素Loss: 0.000464090786408633
训练集上的感知Loss: 0.05628238245844841
训练集上的Loss: 0.030461644753813744
第24个epoch的学习率：0.000100
整体测试集上的像素Loss: 0.00047075899452796546
整体测试集上的感知Loss: 0.057721410116011444
整体测试集上的Loss: 0.03121449980376796
模型已保存
----------第 26 轮训练开始----------
训练时间：24781.20300579071
训练次数: 9600，Loss: 0.0006889131618663669
训练时间：25006.82464981079
训练次数: 9700，Loss: 0.0006635308964177966
训练时间：25229.69340801239
训练次数: 9800，Loss: 0.0005554647650569677
训练时间：25455.555888414383
训练次数: 9900，Loss: 0.0006031268276274204
训练集上的像素Loss: 0.0006343383574858308
训练集上的感知Loss: 0.06138487905263901
训练集上的Loss: 0.033864133059978485
第25个epoch的学习率：0.000100
整体测试集上的像素Loss: 0.0004949302800179629
整体测试集上的感知Loss: 0.05841486638581211
整体测试集上的Loss: 0.03168208461085504
模型已保存
----------第 27 轮训练开始----------
训练时间：25811.404317617416
训练次数: 10000，Loss: 0.0005887983716093004
训练时间：26042.511576652527
训练次数: 10100，Loss: 0.0005519789410755038
训练时间：26271.71074604988
训练次数: 10200，Loss: 0.0006004630122333765
训练时间：26497.11996126175
训练次数: 10300，Loss: 0.0005502253770828247
训练集上的像素Loss: 0.000587316055316478
训练集上的感知Loss: 0.0671030580997467
训练集上的Loss: 0.03648810833692551
第26个epoch的学习率：0.000100
整体测试集上的像素Loss: 0.00044910746840865943
整体测试集上的感知Loss: 0.057729115201668305
整体测试集上的Loss: 0.03111009511419318
模型已保存
----------第 28 轮训练开始----------
训练时间：26845.053463697433
训练次数: 10400，Loss: 0.0005135978572070599
训练时间：27077.50953578949
训练次数: 10500，Loss: 0.0006396584212779999
训练时间：27301.559013605118
训练次数: 10600，Loss: 0.0005737572209909558
训练时间：27527.955659866333
训练次数: 10700，Loss: 0.000570315751247108
训练集上的像素Loss: 0.0006745642749592662
训练集上的感知Loss: 0.06823014467954636
训练集上的Loss: 0.03748789429664612
第27个epoch的学习率：0.000100
整体测试集上的像素Loss: 0.0004620437711392614
整体测试集上的感知Loss: 0.05641052685678005
整体测试集上的Loss: 0.030515482183545828
模型已保存
----------第 29 轮训练开始----------
训练时间：27870.263993024826
训练次数: 10800，Loss: 0.0005140372086316347
训练时间：28095.358733654022
训练次数: 10900，Loss: 0.0006074068951420486
训练时间：28322.358069896698
训练次数: 11000，Loss: 0.000604557222686708
训练时间：28547.51589512825
训练次数: 11100，Loss: 0.0006085796048864722
训练集上的像素Loss: 0.0004956135526299477
训练集上的感知Loss: 0.07365791499614716
训练集上的Loss: 0.03930702432990074
第28个epoch的学习率：0.000100
整体测试集上的像素Loss: 0.00045426336344627833
整体测试集上的感知Loss: 0.059408540329472584
整体测试集上的Loss: 0.03197558698329059
模型已保存
----------第 30 轮训练开始----------
训练时间：28892.063482046127
训练次数: 11200，Loss: 0.0006426949403248727
训练时间：29113.233937978745
训练次数: 11300，Loss: 0.0005521794664673507
训练时间：29337.922214508057
训练次数: 11400，Loss: 0.0005937254172749817
训练集上的像素Loss: 0.0006533411797136068
训练集上的感知Loss: 0.05828043818473816
训练集上的Loss: 0.03240692615509033
第29个epoch的学习率：0.000100
整体测试集上的像素Loss: 0.00043447334808826616
整体测试集上的感知Loss: 0.055406988598406315
整体测试集上的Loss: 0.029875860930505125
模型已保存
----------第 31 轮训练开始----------
训练时间：29688.638802289963
训练次数: 11500，Loss: 0.0005714864237233996
训练时间：29916.78958439827
训练次数: 11600，Loss: 0.0005518334219232202
训练时间：30145.17104959488
训练次数: 11700，Loss: 0.0005885580321773887
训练时间：30372.17339015007
训练次数: 11800，Loss: 0.0006687846034765244
训练集上的像素Loss: 0.0005958339315839112
训练集上的感知Loss: 0.07364098727703094
训练集上的Loss: 0.03979966416954994
第30个epoch的学习率：0.000100
整体测试集上的像素Loss: 0.00044640608459965074
整体测试集上的感知Loss: 0.05577388236468488
整体测试集上的Loss: 0.030118971597403288
模型已保存
----------第 32 轮训练开始----------
训练时间：30722.633699178696
训练次数: 11900，Loss: 0.0006350890616886318
训练时间：30947.585035800934
训练次数: 12000，Loss: 0.00044456234900280833
训练时间：31173.935893774033
训练次数: 12100，Loss: 0.000528767064679414
训练时间：31402.044090986252
训练次数: 12200，Loss: 0.0006395609816536307
训练集上的像素Loss: 0.0004956322372891009
训练集上的感知Loss: 0.05586378276348114
训练集上的Loss: 0.030410053208470345
第31个epoch的学习率：0.000100
整体测试集上的像素Loss: 0.0004382692740446973
整体测试集上的感知Loss: 0.055275294252417305
整体测试集上的Loss: 0.029828993688252838
模型已保存
----------第 33 轮训练开始----------
训练时间：31748.466729164124
训练次数: 12300，Loss: 0.0005691430415026844
训练时间：31975.477632761
训练次数: 12400，Loss: 0.00046391459181904793
训练时间：32204.657932281494
训练次数: 12500，Loss: 0.0006485876510851085
训练时间：32430.042812108994
训练次数: 12600，Loss: 0.00048313773004338145
训练集上的像素Loss: 0.0005562175065279007
训练集上的感知Loss: 0.06407717615365982
训练集上的Loss: 0.03481967747211456
第32个epoch的学习率：0.000100
整体测试集上的像素Loss: 0.0004331978998379782
整体测试集上的感知Loss: 0.05391350058330731
整体测试集上的Loss: 0.029122739691625942
模型已保存
----------第 34 轮训练开始----------
训练时间：32774.63673090935
训练次数: 12700，Loss: 0.0006000391440466046
训练时间：32999.04395413399
训练次数: 12800，Loss: 0.0005018981173634529
训练时间：33227.02204298973
训练次数: 12900，Loss: 0.0005266695516183972
训练时间：33452.05885267258
训练次数: 13000，Loss: 0.0005485964938998222
训练集上的像素Loss: 0.000390982924727723
训练集上的感知Loss: 0.05532919615507126
训练集上的Loss: 0.02961951307952404
第33个epoch的学习率：0.000100
整体测试集上的像素Loss: 0.0004142280337294902
整体测试集上的感知Loss: 0.0539492251012813
整体测试集上的Loss: 0.029045752799985083
模型已保存
----------第 35 轮训练开始----------
训练时间：33797.202786922455
训练次数: 13100，Loss: 0.0006661539664492011
训练时间：34022.84536266327
训练次数: 13200，Loss: 0.0005946198361925781
训练时间：34251.26587462425
训练次数: 13300，Loss: 0.0005386773264035583
训练时间：34476.03689455986
训练次数: 13400，Loss: 0.0005093057407066226
训练集上的像素Loss: 0.0007689420017413795
训练集上的感知Loss: 0.06004004180431366
训练集上的Loss: 0.03386472910642624
第34个epoch的学习率：0.000100
整体测试集上的像素Loss: 0.0004180948162684217
整体测试集上的感知Loss: 0.054681529460305515
整体测试集上的Loss: 0.029431238558820703
模型已保存
----------第 36 轮训练开始----------
训练时间：34823.77946186066
训练次数: 13500，Loss: 0.000521605892572552
训练时间：35047.916862010956
训练次数: 13600，Loss: 0.0005492964992299676
训练时间：35275.933022260666
训练次数: 13700，Loss: 0.0004919485072605312
训练集上的像素Loss: 0.0005617643473669887
训练集上的感知Loss: 0.05615366995334625
训练集上的Loss: 0.03088565729558468
第35个epoch的学习率：0.000100
整体测试集上的像素Loss: 0.0004188302098720504
整体测试集上的感知Loss: 0.05455021407793869
整体测试集上的Loss: 0.029369258194823156
模型已保存
----------第 37 轮训练开始----------
训练时间：35625.6070253849
训练次数: 13800，Loss: 0.000541712564881891
训练时间：35851.81985425949
训练次数: 13900，Loss: 0.0005899249808862805
训练时间：36077.74752831459
训练次数: 14000，Loss: 0.0005283327191136777
训练时间：36299.9240500927
训练次数: 14100，Loss: 0.0007334736874327064
训练集上的像素Loss: 0.00041217118268832564
训练集上的感知Loss: 0.04681525379419327
训练集上的Loss: 0.025468483567237854
第36个epoch的学习率：0.000100
整体测试集上的像素Loss: 0.0004153058352213438
整体测试集上的感知Loss: 0.053410882892256435
整体测试集上的Loss: 0.028781970666552133
模型已保存
----------第 38 轮训练开始----------
训练时间：36643.56945538521
训练次数: 14200，Loss: 0.0005296777817420661
训练时间：36863.19352269173
训练次数: 14300，Loss: 0.0005041855620220304
训练时间：37085.19167923927
训练次数: 14400，Loss: 0.0005845482228323817
训练时间：37304.57150435448
训练次数: 14500，Loss: 0.0005172992823645473
训练集上的像素Loss: 0.0005654600099660456
训练集上的感知Loss: 0.049654871225357056
训练集上的Loss: 0.02765473537147045
第37个epoch的学习率：0.000100
整体测试集上的像素Loss: 0.00041288596945708957
整体测试集上的感知Loss: 0.05368385040624575
整体测试集上的Loss: 0.028906355061652986
模型已保存
----------第 39 轮训练开始----------
训练时间：37646.54654073715
训练次数: 14600，Loss: 0.0004330171213950962
训练时间：37865.23883032799
训练次数: 14700，Loss: 0.00043799541890621185
训练时间：38087.53880882263
训练次数: 14800，Loss: 0.0005972940125502646
训练时间：38311.36607646942
训练次数: 14900，Loss: 0.0005689716781489551
训练集上的像素Loss: 0.00047004313091747463
训练集上的感知Loss: 0.04160439968109131
训练集上的Loss: 0.023152414709329605
第38个epoch的学习率：0.000100
整体测试集上的像素Loss: 0.00042571256596023556
整体测试集上的感知Loss: 0.05381073218516328
整体测试集上的Loss: 0.029033929024907677
模型已保存
----------第 40 轮训练开始----------
训练时间：38652.63694047928
训练次数: 15000，Loss: 0.0005064724246039987
训练时间：38874.156158685684
训练次数: 15100，Loss: 0.0005520941922441125
训练时间：39095.774330854416
训练次数: 15200，Loss: 0.0005103307776153088
训练时间：39317.27324461937
训练次数: 15300，Loss: 0.0006247848505154252
训练集上的像素Loss: 0.0005068922182545066
训练集上的感知Loss: 0.044509392231702805
训练集上的Loss: 0.02478915825486183
第39个epoch的学习率：0.000100
整体测试集上的像素Loss: 0.0004244975795948201
整体测试集上的感知Loss: 0.0542925727469
整体测试集上的Loss: 0.029268774246288973
模型已保存
----------第 41 轮训练开始----------
训练时间：39657.076867341995
训练次数: 15400，Loss: 0.0005682837800122797
训练时间：39881.27862215042
训练次数: 15500，Loss: 0.0005445496062748134
训练时间：40105.87597370148
训练次数: 15600，Loss: 0.0006216646870598197
训练时间：40326.8512737751
训练次数: 15700，Loss: 0.0006452555535361171
训练集上的像素Loss: 0.0005933505017310381
训练集上的感知Loss: 0.04814526066184044
训练集上的Loss: 0.027039382606744766
第40个epoch的学习率：0.000100
整体测试集上的像素Loss: 0.0004189627870800905
整体测试集上的感知Loss: 0.05429599908265201
整体测试集上的Loss: 0.029242813502523033
模型已保存
----------第 42 轮训练开始----------
训练时间：40663.346348285675
训练次数: 15800，Loss: 0.0005134046077728271
训练时间：40881.995035648346
训练次数: 15900，Loss: 0.0004857341409660876
训练时间：41102.5734808445
训练次数: 16000，Loss: 0.0005815377808175981
训练集上的像素Loss: 0.0006048657814972103
训练集上的感知Loss: 0.048383887857198715
训练集上的Loss: 0.027216272428631783
第41个epoch的学习率：0.000100
整体测试集上的像素Loss: 0.00041322445758851245
整体测试集上的感知Loss: 0.05463298613374883
整体测试集上的Loss: 0.029382615477185358
模型已保存
----------第 43 轮训练开始----------
训练时间：41444.03679704666
训练次数: 16100，Loss: 0.0005318504991009831
训练时间：41659.74177503586
训练次数: 16200，Loss: 0.0005383704556152225
训练时间：41880.50725245476
训练次数: 16300，Loss: 0.0006309350137598813
训练时间：42097.72192358971
训练次数: 16400，Loss: 0.0005240107420831919
训练集上的像素Loss: 0.00047080463264137506
训练集上的感知Loss: 0.0405602864921093
训练集上的Loss: 0.022634167224168777
第42个epoch的学习率：0.000100
整体测试集上的像素Loss: 0.00042324665264459327
整体测试集上的感知Loss: 0.05391639403321526
整体测试集上的Loss: 0.029074430296366863
模型已保存
----------第 44 轮训练开始----------
训练时间：42437.87431192398
训练次数: 16500，Loss: 0.00046477821888402104
训练时间：42654.59779000282
训练次数: 16600，Loss: 0.0005955570377409458
训练时间：42874.44495487213
训练次数: 16700，Loss: 0.00046632668818347156
训练时间：43092.47781133652
训练次数: 16800，Loss: 0.0004939764039590955
训练集上的像素Loss: 0.0007082141819410026
训练集上的感知Loss: 0.038986898958683014
训练集上的Loss: 0.02303452044725418
第43个epoch的学习率：0.000100
整体测试集上的像素Loss: 0.0004098408971913159
整体测试集上的感知Loss: 0.05347582587802952
整体测试集上的Loss: 0.028787117536095055
模型已保存
----------第 45 轮训练开始----------
训练时间：43432.22818303108
训练次数: 16900，Loss: 0.0005984611343592405
训练时间：43650.654371500015
训练次数: 17000，Loss: 0.0004996536299586296
训练时间：43875.01725244522
训练次数: 17100，Loss: 0.0004764748737215996
训练时间：44095.686733961105
训练次数: 17200，Loss: 0.00046109315007925034
训练集上的像素Loss: 0.0006349338218569756
训练集上的感知Loss: 0.042553987354040146
训练集上的Loss: 0.024451661854982376
第44个epoch的学习率：0.000100
整体测试集上的像素Loss: 0.00040555619621458885
整体测试集上的感知Loss: 0.05410207714885473
整体测试集上的Loss: 0.029078819577328184
模型已保存
----------第 46 轮训练开始----------
训练时间：44437.8032810688
训练次数: 17300，Loss: 0.0005883713020011783
训练时间：44659.402403116226
训练次数: 17400，Loss: 0.0005767148686572909
训练时间：44880.82602119446
训练次数: 17500，Loss: 0.000505904434248805
训练时间：45105.38269495964
训练次数: 17600，Loss: 0.0005401595262810588
训练集上的像素Loss: 0.0004120468511246145
训练集上的感知Loss: 0.03450189158320427
训练集上的Loss: 0.01931118033826351
第45个epoch的学习率：0.000100
整体测试集上的像素Loss: 0.00041242009385975757
整体测试集上的感知Loss: 0.054209366186775944
整体测试集上的Loss: 0.029166783671826124
模型已保存
----------第 47 轮训练开始----------
训练时间：45445.042508125305
训练次数: 17700，Loss: 0.0005593016976490617
训练时间：45670.695264577866
训练次数: 17800，Loss: 0.00041823621722869575
训练时间：45891.64384484291
训练次数: 17900，Loss: 0.000635919626802206
训练时间：46119.15614128113
训练次数: 18000，Loss: 0.0006681294180452824
训练集上的像素Loss: 0.0003887999337166548
训练集上的感知Loss: 0.036109864711761475
训练集上的Loss: 0.019998932257294655
第46个epoch的学习率：0.000100
整体测试集上的像素Loss: 0.00040605761552631685
整体测试集上的感知Loss: 0.05411379445682873
整体测试集上的Loss: 0.029087185267020355
模型已保存
----------第 48 轮训练开始----------
训练时间：46460.10158371925
训练次数: 18100，Loss: 0.0006244983524084091
训练时间：46682.4345035553
训练次数: 18200，Loss: 0.000518573448061943
训练时间：46904.93138027191
训练次数: 18300，Loss: 0.000484485033666715
训练集上的像素Loss: 0.0004107516724616289
训练集上的感知Loss: 0.036391839385032654
训练集上的Loss: 0.020249677821993828
第47个epoch的学习率：0.000100
整体测试集上的像素Loss: 0.00045554209910650655
整体测试集上的感知Loss: 0.05404471326619387
整体测试集上的Loss: 0.02930006706579165
模型已保存
----------第 49 轮训练开始----------
训练时间：47247.1103553772
训练次数: 18400，Loss: 0.0005524896550923586
训练时间：47469.16795039177
训练次数: 18500，Loss: 0.0005615785485133529
训练时间：47694.16232609749
训练次数: 18600，Loss: 0.000642860890366137
训练时间：47915.99363589287
训练次数: 18700，Loss: 0.0005394003237597644
训练集上的像素Loss: 0.0003771008341573179
训练集上的感知Loss: 0.029254842549562454
训练集上的Loss: 0.016512924805283546
第48个epoch的学习率：0.000100
整体测试集上的像素Loss: 0.00039316299146528104
整体测试集上的感知Loss: 0.05292833181606098
整体测试集上的Loss: 0.028429980643770912
模型已保存
----------第 50 轮训练开始----------
训练时间：48259.48870205879
训练次数: 18800，Loss: 0.0006083697080612183
训练时间：48477.70046758652
训练次数: 18900，Loss: 0.00049751834012568
训练时间：48707.81466126442
训练次数: 19000，Loss: 0.0005893295165151358
训练时间：48930.145206213
训练次数: 19100，Loss: 0.0005792399751953781
训练集上的像素Loss: 0.0006359450053423643
训练集上的感知Loss: 0.03515689820051193
训练集上的Loss: 0.02075817435979843
第49个epoch的学习率：0.000100
整体测试集上的像素Loss: 0.0003984915906171822
整体测试集上的感知Loss: 0.05422476899217476
整体测试集上的Loss: 0.029104842338711023
模型已保存
----------第 51 轮训练开始----------
训练时间：49274.4218711853
训练次数: 19200，Loss: 0.00048233597772195935
训练时间：49496.4535138607
训练次数: 19300，Loss: 0.0005730532575398684
训练时间：49718.08653831482
训练次数: 19400，Loss: 0.00041949161095544696
训练时间：49942.3154695034
训练次数: 19500，Loss: 0.000557057443074882
训练集上的像素Loss: 0.0008645880734547973
训练集上的感知Loss: 0.04202233999967575
训练集上的Loss: 0.025334110483527184
第50个epoch的学习率：0.000100
整体测试集上的像素Loss: 0.00040188215842301196
整体测试集上的感知Loss: 0.053272167813371525
整体测试集上的Loss: 0.02864549465646798
模型已保存
----------第 52 轮训练开始----------
训练时间：50283.12455034256
训练次数: 19600，Loss: 0.0005211044335737824
训练时间：50508.12639117241
训练次数: 19700，Loss: 0.00066147162579
训练时间：50731.98785638809
训练次数: 19800，Loss: 0.0004754610126838088
训练时间：50960.98846364021
训练次数: 19900，Loss: 0.000502138864248991
训练集上的像素Loss: 0.0004699172859545797
训练集上的感知Loss: 0.03283534198999405
训练集上的Loss: 0.018767258152365685
第51个epoch的学习率：0.000100
整体测试集上的像素Loss: 0.0003974219289375469
整体测试集上的感知Loss: 0.053418316285718574
整体测试集上的Loss: 0.028696267780932514
模型已保存
----------第 53 轮训练开始----------
训练时间：51313.43920135498
训练次数: 20000，Loss: 0.0004648423637263477
训练时间：51547.643612623215
训练次数: 20100，Loss: 0.0006146447267383337
训练时间：51771.68692946434
训练次数: 20200，Loss: 0.0004318159190006554
训练集上的像素Loss: 0.0004976771306246519
训练集上的感知Loss: 0.03309211879968643
训练集上的Loss: 0.01903444528579712
第52个epoch的学习率：0.000100
整体测试集上的像素Loss: 0.0003917727801969952
整体测试集上的感知Loss: 0.05334728270430456
整体测试集上的Loss: 0.028632505246522753
模型已保存
----------第 54 轮训练开始----------
训练时间：52120.35380578041
训练次数: 20300，Loss: 0.0004371822578832507
训练时间：52343.329337358475
训练次数: 20400，Loss: 0.0006409113993868232
训练时间：52567.95992422104
训练次数: 20500，Loss: 0.00055300461826846
训练时间：52794.51800560951
训练次数: 20600，Loss: 0.0005137420957908034
训练集上的像素Loss: 0.0003932678955607116
训练集上的感知Loss: 0.035133518278598785
训练集上的Loss: 0.019533097743988037
第53个epoch的学习率：0.000100
整体测试集上的像素Loss: 0.00040861132385378534
整体测试集上的感知Loss: 0.05360257964242588
整体测试集上的Loss: 0.028844346461648292
模型已保存
----------第 55 轮训练开始----------
训练时间：53141.00078010559
训练次数: 20700，Loss: 0.000497329281643033
训练时间：53367.599774599075
训练次数: 20800，Loss: 0.0006502406904473901
训练时间：53591.99175810814
训练次数: 20900，Loss: 0.0005516983801499009
训练时间：53817.46877002716
训练次数: 21000，Loss: 0.0005416218191385269
训练集上的像素Loss: 0.000499916379339993
训练集上的感知Loss: 0.027826234698295593
训练集上的Loss: 0.016412699595093727
第54个epoch的学习率：0.000100
整体测试集上的像素Loss: 0.00038844129382844335
整体测试集上的感知Loss: 0.053166411139748314
整体测试集上的Loss: 0.028525412167337807
模型已保存
----------第 56 轮训练开始----------
训练时间：54166.74724173546
训练次数: 21100，Loss: 0.000618799589574337
训练时间：54396.18631720543
训练次数: 21200，Loss: 0.0004727850900962949
训练时间：54622.013214588165
训练次数: 21300，Loss: 0.00046892237151041627
训练时间：54848.27647423744
训练次数: 21400，Loss: 0.0005162080633454025
训练集上的像素Loss: 0.00047036120668053627
训练集上的感知Loss: 0.02857653610408306
训练集上的Loss: 0.0166400745511055
第55个epoch的学习率：0.000100
整体测试集上的像素Loss: 0.00038938297141364524
整体测试集上的感知Loss: 0.053188357248224995
整体测试集上的Loss: 0.028541093480519274
模型已保存
----------第 57 轮训练开始----------
训练时间：55191.894616127014
训练次数: 21500，Loss: 0.0006202352233231068
训练时间：55417.7592151165
训练次数: 21600，Loss: 0.0004904399975202978
训练时间：55641.32805991173
训练次数: 21700，Loss: 0.0004914444871246815
训练时间：55866.690933704376
训练次数: 21800，Loss: 0.0005633043474517763
训练集上的像素Loss: 0.0004868014657404274
训练集上的感知Loss: 0.0257373359054327
训练集上的Loss: 0.01530267484486103
第56个epoch的学习率：0.000100
整体测试集上的像素Loss: 0.00039328009601872924
整体测试集上的感知Loss: 0.0532544105398384
整体测试集上的Loss: 0.028593605765226213
模型已保存
----------第 58 轮训练开始----------
训练时间：56203.22538495064
训练次数: 21900，Loss: 0.0005367227713577449
训练时间：56424.55584526062
训练次数: 22000，Loss: 0.0006161180790513754
训练时间：56646.94907307625
训练次数: 22100，Loss: 0.0004225286829750985
训练时间：56871.808653116226
训练次数: 22200，Loss: 0.00046739584649913013
训练集上的像素Loss: 0.0006543415365740657
训练集上的感知Loss: 0.03330189734697342
训练集上的Loss: 0.019922656938433647
第57个epoch的学习率：0.000100
整体测试集上的像素Loss: 0.00039386482702949167
整体测试集上的感知Loss: 0.053343569436533886
整体测试集上的Loss: 0.028641108889132738
模型已保存
----------第 59 轮训练开始----------
训练时间：57209.83355021477
训练次数: 22300，Loss: 0.0005045449361205101
训练时间：57432.10829162598
训练次数: 22400，Loss: 0.0005612077657133341
训练时间：57655.53295850754
训练次数: 22500，Loss: 0.0005804203683510423
训练集上的像素Loss: 0.000631700677331537
训练集上的感知Loss: 0.03129604458808899
训练集上的Loss: 0.01880652643740177
第58个epoch的学习率：0.000100
整体测试集上的像素Loss: 0.0003979684578635815
整体测试集上的感知Loss: 0.05305389467288147
整体测试集上的Loss: 0.02851678951728073
模型已保存
----------第 60 轮训练开始----------
训练时间：57997.16239738464
训练次数: 22600，Loss: 0.0005584295140579343
训练时间：58219.75482964516
训练次数: 22700，Loss: 0.00046206056140363216
训练时间：58442.28588438034
训练次数: 22800，Loss: 0.0005593623500317335
训练时间：58667.1840968132
训练次数: 22900，Loss: 0.0005913343047723174
训练集上的像素Loss: 0.00034876278368756175
训练集上的感知Loss: 0.026312008500099182
训练集上的Loss: 0.01489981822669506
第59个epoch的学习率：0.000100
整体测试集上的像素Loss: 0.0003963512228272686
整体测试集上的感知Loss: 0.05316732248122042
整体测试集上的Loss: 0.028565417424860327
模型已保存
----------第 61 轮训练开始----------
训练时间：59008.436368227005
训练次数: 23000，Loss: 0.0004722758603747934
训练时间：59230.032296180725
训练次数: 23100，Loss: 0.0004915437893941998
训练时间：59452.9010181427
训练次数: 23200，Loss: 0.0004710832145065069
训练时间：59677.88561153412
训练次数: 23300，Loss: 0.0005310989217832685
训练集上的像素Loss: 0.0005706115043722093
训练集上的感知Loss: 0.02816067449748516
训练集上的Loss: 0.016933394595980644
第60个epoch的学习率：0.000100
整体测试集上的像素Loss: 0.0004076705173991451
整体测试集上的感知Loss: 0.052890235896814956
整体测试集上的Loss: 0.028483470690182665
模型已保存
----------第 62 轮训练开始----------
训练时间：60028.290400505066
训练次数: 23400，Loss: 0.0005148329073563218
训练时间：60252.53655529022
训练次数: 23500，Loss: 0.0004927110858261585
训练时间：60479.21590948105
训练次数: 23600，Loss: 0.0005289043765515089
训练时间：60705.10637998581
训练次数: 23700，Loss: 0.0005555483512580395
训练集上的像素Loss: 0.0006968643283471465
训练集上的感知Loss: 0.028362369164824486
训练集上的Loss: 0.017665505409240723
第61个epoch的学习率：0.000100
整体测试集上的像素Loss: 0.0003922272510614923
整体测试集上的感知Loss: 0.052912432023070076
整体测试集上的Loss: 0.028417352205989035
模型已保存
----------第 63 轮训练开始----------
训练时间：61054.21177840233
训练次数: 23800，Loss: 0.0004750111256726086
训练时间：61279.49276852608
训练次数: 23900，Loss: 0.0005540455458685756
训练时间：61508.788026332855
训练次数: 24000，Loss: 0.0006861471920274198
训练时间：61736.0930583477
训练次数: 24100，Loss: 0.0005513020441867411
训练集上的像素Loss: 0.0008525384473614395
训练集上的感知Loss: 0.02937629632651806
训练集上的Loss: 0.018950840458273888
第62个epoch的学习率：0.000100
整体测试集上的像素Loss: 0.0003901082606964999
整体测试集上的感知Loss: 0.05291761694984003
整体测试集上的Loss: 0.02840934981676665
模型已保存
----------第 64 轮训练开始----------
训练时间：62087.8809132576
训练次数: 24200，Loss: 0.0004371980903670192
训练时间：62313.60354924202
训练次数: 24300，Loss: 0.0005635286215692759
训练时间：62542.7605547905
训练次数: 24400，Loss: 0.0006015354301780462
训练时间：62768.69200062752
训练次数: 24500，Loss: 0.0006536728469654918
训练集上的像素Loss: 0.0006159815238788724
训练集上的感知Loss: 0.03244808316230774
训练集上的Loss: 0.019303949549794197
第63个epoch的学习率：0.000100
整体测试集上的像素Loss: 0.0003991700101654384
整体测试集上的感知Loss: 0.05374499029395255
整体测试集上的Loss: 0.028868345205079426
模型已保存
----------第 65 轮训练开始----------
训练时间：63118.79473686218
训练次数: 24600，Loss: 0.00068991060834378
训练时间：63345.36910891533
训练次数: 24700，Loss: 0.0006232162704691291
训练时间：63571.87243795395
训练次数: 24800，Loss: 0.0005429204902611673
训练集上的像素Loss: 0.0006889564683660865
训练集上的感知Loss: 0.027533799409866333
训练集上的Loss: 0.017211683094501495
第64个epoch的学习率：0.000100
整体测试集上的像素Loss: 0.0003910720313962718
整体测试集上的感知Loss: 0.052662310021167454
整体测试集上的Loss: 0.02828651526942849
模型已保存
----------第 66 轮训练开始----------
训练时间：63917.077159404755
训练次数: 24900，Loss: 0.0004953856114298105
训练时间：64143.10304260254
训练次数: 25000，Loss: 0.0005244087660685182
训练时间：64371.908834695816
训练次数: 25100，Loss: 0.0005008905427530408
训练时间：64602.27659916878
训练次数: 25200，Loss: 0.0005099275149405003
训练集上的像素Loss: 0.0007816464640200138
训练集上的感知Loss: 0.026452690362930298
训练集上的Loss: 0.01713457703590393
第65个epoch的学习率：0.000100
整体测试集上的像素Loss: 0.00038873425298582083
整体测试集上的感知Loss: 0.053180954165079376
整体测试集上的Loss: 0.02853414852341468
模型已保存
----------第 67 轮训练开始----------
训练时间：64949.770116090775
训练次数: 25300，Loss: 0.0004751868254970759
训练时间：65179.20773983002
训练次数: 25400，Loss: 0.0004429397522471845
训练时间：65407.29656910896
训练次数: 25500，Loss: 0.00041756528662517667
训练时间：65633.78109550476
训练次数: 25600，Loss: 0.0005537106189876795
训练集上的像素Loss: 0.0006016217521391809
训练集上的感知Loss: 0.02420371025800705
训练集上的Loss: 0.015109963715076447
第66个epoch的学习率：0.000100
整体测试集上的像素Loss: 0.000380142963628962
整体测试集上的感知Loss: 0.0523839063773101
整体测试集上的Loss: 0.02809266805310141
模型已保存
----------第 68 轮训练开始----------
训练时间：65980.96179485321
训练次数: 25700，Loss: 0.0005660045426338911
训练时间：66214.23024082184
训练次数: 25800，Loss: 0.00044058356434106827
训练时间：66447.51911020279
训练次数: 25900，Loss: 0.0005083358846604824
训练时间：66677.48583555222
训练次数: 26000，Loss: 0.0005339898052625358
训练集上的像素Loss: 0.000683798105455935
训练集上的感知Loss: 0.026937443763017654
训练集上的Loss: 0.016887713223695755
第67个epoch的学习率：0.000100
整体测试集上的像素Loss: 0.0003983357138085094
整体测试集上的感知Loss: 0.0525631969794631
整体测试集上的Loss: 0.02827327698469162
模型已保存
----------第 69 轮训练开始----------
训练时间：67026.82593274117
训练次数: 26100，Loss: 0.00048118113772943616
训练时间：67250.57073760033
训练次数: 26200，Loss: 0.0004774103290401399
训练时间：67477.20482230186
训练次数: 26300，Loss: 0.0006448547937907279
训练时间：67702.99584627151
训练次数: 26400，Loss: 0.0004582847177516669
训练集上的像素Loss: 0.0007956181652843952
训练集上的感知Loss: 0.02588256075978279
训练集上的Loss: 0.016919370740652084
第68个epoch的学习率：0.000100
整体测试集上的像素Loss: 0.0003846693500897593
整体测试集上的感知Loss: 0.052363675595684486
整体测试集上的Loss: 0.028105184562842955
模型已保存
----------第 70 轮训练开始----------
训练时间：68054.54184389114
训练次数: 26500，Loss: 0.00045723895891569555
训练时间：68280.57971525192
训练次数: 26600，Loss: 0.0005222518229857087
训练时间：68508.06188464165
训练次数: 26700，Loss: 0.0005758455954492092
训练时间：68734.85767817497
训练次数: 26800，Loss: 0.0005011736648157239
训练集上的像素Loss: 0.0004785374039784074
训练集上的感知Loss: 0.02314109168946743
训练集上的Loss: 0.01396323274821043
第69个epoch的学习率：0.000100
整体测试集上的像素Loss: 0.0004103025699309497
整体测试集上的感知Loss: 0.05285051668232137
整体测试集上的Loss: 0.02847677113657648
模型已保存
----------第 71 轮训练开始----------
训练时间：69080.77142882347
训练次数: 26900，Loss: 0.0005915497313253582
训练时间：69308.07937550545
训练次数: 27000，Loss: 0.0004172654007561505
训练时间：69533.65309715271
训练次数: 27100，Loss: 0.000597252685111016
训练集上的像素Loss: 0.0008341249777004123
训练集上的感知Loss: 0.03430337458848953
训练集上的Loss: 0.021322311833500862
第70个epoch的学习率：0.000100
整体测试集上的像素Loss: 0.0003782747735385783
整体测试集上的感知Loss: 0.052246131002902985
整体测试集上的Loss: 0.028014439369805834
模型已保存
----------第 72 轮训练开始----------
训练时间：69880.0144045353
训练次数: 27200，Loss: 0.0004442325734999031
训练时间：70107.64932584763
训练次数: 27300，Loss: 0.000520840403623879
训练时间：70336.15281844139
训练次数: 27400，Loss: 0.0005428329459391534
训练时间：70561.09839320183
训练次数: 27500，Loss: 0.0005271565169095993
训练集上的像素Loss: 0.0005886246217414737
训练集上的感知Loss: 0.028483888134360313
训练集上的Loss: 0.017185067757964134
第71个epoch的学习率：0.000100
整体测试集上的像素Loss: 0.00038682435776784337
整体测试集上的感知Loss: 0.05241519906981425
整体测试集上的Loss: 0.028141721363433382
模型已保存
----------第 73 轮训练开始----------
训练时间：70910.58250808716
训练次数: 27600，Loss: 0.0005557953263632953
训练时间：71139.29537057877
训练次数: 27700，Loss: 0.0005597506533376873
训练时间：71366.71152591705
训练次数: 27800，Loss: 0.0004688739718403667
训练时间：71592.36455464363
训练次数: 27900，Loss: 0.0005093294894322753
训练集上的像素Loss: 0.000490962527692318
训练集上的感知Loss: 0.027944963425397873
训练集上的Loss: 0.01642729341983795
第72个epoch的学习率：0.000100
整体测试集上的像素Loss: 0.00038339848569276825
整体测试集上的感知Loss: 0.05220231388441541
整体测试集上的Loss: 0.028018149250948973
模型已保存
----------第 74 轮训练开始----------
训练时间：71934.70212244987
训练次数: 28000，Loss: 0.0005014367634430528
训练时间：72159.01670408249
训练次数: 28100，Loss: 0.0004955307813361287
训练时间：72384.39143157005
训练次数: 28200，Loss: 0.0005603823810815811
训练时间：72612.25556206703
训练次数: 28300，Loss: 0.0006404781015589833
训练集上的像素Loss: 0.0004119678633287549
训练集上的感知Loss: 0.019718661904335022
训练集上的Loss: 0.011919170618057251
第73个epoch的学习率：0.000100
整体测试集上的像素Loss: 0.00038524713983695784
整体测试集上的感知Loss: 0.05224488480863246
整体测试集上的Loss: 0.02804867821660909
模型已保存
----------第 75 轮训练开始----------
训练时间：72964.58431386948
训练次数: 28400，Loss: 0.0006236605695448816
训练时间：73195.29383039474
训练次数: 28500，Loss: 0.00046950377873145044
训练时间：73423.79994058609
训练次数: 28600，Loss: 0.00046235459740273654
训练时间：73654.27592635155
训练次数: 28700，Loss: 0.0004730864311568439
训练集上的像素Loss: 0.00040669480222277343
训练集上的感知Loss: 0.018531732261180878
训练集上的Loss: 0.011299340054392815
第74个epoch的学习率：0.000100
整体测试集上的像素Loss: 0.0003813858288181522
整体测试集上的感知Loss: 0.052299024875868454
整体测试集上的Loss: 0.028056441509926863
模型已保存
----------第 76 轮训练开始----------
训练时间：74010.94751763344
训练次数: 28800，Loss: 0.0004994089249521494
训练时间：74240.92234516144
训练次数: 28900，Loss: 0.000525516108609736
训练时间：74469.36343550682
训练次数: 29000，Loss: 0.0004812746774405241
训练时间：74700.25791716576
训练次数: 29100，Loss: 0.0004933876916766167
训练集上的像素Loss: 0.0004549901350401342
训练集上的感知Loss: 0.01758095994591713
训练集上的Loss: 0.01106543093919754
第75个epoch的学习率：0.000100
整体测试集上的像素Loss: 0.00038257642220494085
整体测试集上的感知Loss: 0.052430401725525204
整体测试集上的Loss: 0.028128083075650713
模型已保存
----------第 77 轮训练开始----------
